# This file was automatically created by FeynRules 2.3.49
# Mathematica version: 12.0.0 for Mac OS X x86 (64-bit) (April 7, 2019)
# Date: Wed 10 May 2023 18:34:02


# 
# This is the logfile for the model BSM Beam Dump

# Authors: S. Alipour-fard
# Model version: 1.0
# Checking the Quantum numbers
   * Electric charge defined.
# Checking the Lagrangians
   * All Lagrangians are ok.
#
# Particle definitions
#

   * No particles removed. All particles correspond to GenInt setup.



# Compulsory PDG codes:
   * Class SM leptons incomplete. 15 missing.
   * Class SM neutrinos incomplete. 12, 14, 16 missing.
   * Class SM quarks incomplete. 1, 2, 3, 4, 5, 6 missing.
   * Class SM gauge bosons incomplete. 21, 23, 24 missing.
#
# Parameter definitions
#

   * Parameter alphaEM has no value. Default value 1 assigned.
   * Parameter ySe has no value. Default value 1 assigned.
   * Parameter ySmu has no value. Default value 1 assigned.
   * Parameter yphie has no value. Default value 1 assigned.
   * Parameter yphimu has no value. Default value 1 assigned.
   * Parameter gPrimakoff has no value. Default value 1 assigned.
   * Parameter gVel has no value. Default value 1 assigned.
   * Parameter gVmu has no value. Default value 1 assigned.
   * Parameter gUel has no value. Default value 1 assigned.
   * Parameter gUmu has no value. Default value 1 assigned.
   * Parameter Mi has no value. Default value 1 assigned.
   * Parameter mS has no value. Default value 1 assigned.
   * Parameter mphi has no value. Default value 1 assigned.
   * Parameter mV has no value. Default value 1 assigned.
   * Parameter mU has no value. Default value 1 assigned.
   * Parameter WA has no value. Default value 1 assigned.
   * Parameter ee has no value. Default value 1 assigned.


# Vertices
   * Calling FeynmanRules for 1 Lagrangians.
   * Number of classes vertices: 13
   * Number of flavored vertices: 13
   * Saved vertices in InterfaceRun[ 1 ].
   * Checked QNumber conservation.
      - Quantum number Q conserved in all vertices.
   * particles.py written.
   * parameters.py written.
#
# Vertex definitions
#

   * 13 vertices written.
   * vertices.py written.
#
# Lorentz structure definitions
#

   * 6 lorentz structures written.
   * lorentz.py written.
#
# Coupling definitions
#

   * 11 couplings written.
   * couplings.py written.
#
# Coupling order definitions
#

   * 0 couplings orders written.
   * coupling_orders.py written.
#
# Decay definitions
#

   * 4 decays written.
   * decay.py not written
#
# CTCoupling definitions
#

   * 0 CTcouplings written.
   * CT_couplings.py written.
